[debug] [2021-03-19T04:20:58.137Z] ----------------------------------------------------------------------
[debug] [2021-03-19T04:20:58.138Z] Command:       /usr/local/bin/firebase /Users/sunao/.cache/firebase/tools/lib/node_modules/firebase-tools/lib/bin/firebase init
[debug] [2021-03-19T04:20:58.138Z] CLI Version:   9.4.0
[debug] [2021-03-19T04:20:58.138Z] Platform:      darwin
[debug] [2021-03-19T04:20:58.138Z] Node Version:  v12.18.1
[debug] [2021-03-19T04:20:58.139Z] Time:          Fri Mar 19 2021 13:20:58 GMT+0900 (GMT+09:00)
[debug] [2021-03-19T04:20:58.139Z] ----------------------------------------------------------------------
[debug] [2021-03-19T04:20:58.139Z] 
[debug] [2021-03-19T04:20:58.144Z] > command requires scopes: ["email","openid","https://www.googleapis.com/auth/cloudplatformprojects.readonly","https://www.googleapis.com/auth/firebase","https://www.googleapis.com/auth/cloud-platform"]
[debug] [2021-03-19T04:20:58.145Z] > authorizing via signed-in user
[info] 
     ######## #### ########  ######## ########     ###     ######  ########
     ##        ##  ##     ## ##       ##     ##  ##   ##  ##       ##
     ######    ##  ########  ######   ########  #########  ######  ######
     ##        ##  ##    ##  ##       ##     ## ##     ##       ## ##
     ##       #### ##     ## ######## ########  ##     ##  ######  ########

You're about to initialize a Firebase project in this directory:

  /Users/sunao/JSProjects/ec-app

[info] 
=== Project Setup
[info] 
[info] First, let's associate this project directory with a Firebase project.
[info] You can create multiple project aliases by running firebase use --add, 
[info] but for now we'll just set up a default project.
[info] 
[debug] [2021-03-19T04:21:36.731Z] > refreshing access token with scopes: []
[debug] [2021-03-19T04:21:36.732Z] >>> HTTP REQUEST POST https://www.googleapis.com/oauth2/v3/token  
 <request body omitted>
[debug] [2021-03-19T04:21:37.039Z] <<< HTTP RESPONSE 200 {"date":"Fri, 19 Mar 2021 04:21:37 GMT","cache-control":"no-cache, no-store, max-age=0, must-revalidate","expires":"Mon, 01 Jan 1990 00:00:00 GMT","pragma":"no-cache","content-type":"application/json; charset=utf-8","vary":"X-Origin, Referer, Origin,Accept-Encoding","server":"scaffolding on HTTPServer2","x-xss-protection":"0","x-frame-options":"SAMEORIGIN","x-content-type-options":"nosniff","alt-svc":"h3-29=\":443\"; ma=2592000,h3-T051=\":443\"; ma=2592000,h3-Q050=\":443\"; ma=2592000,h3-Q046=\":443\"; ma=2592000,h3-Q043=\":443\"; ma=2592000,quic=\":443\"; ma=2592000; v=\"46,43\"","accept-ranges":"none","transfer-encoding":"chunked"}
[debug] [2021-03-19T04:21:37.065Z] >>> [apiv2][query] GET https://firebase.googleapis.com/v1beta1/projects pageSize=100
[debug] [2021-03-19T04:21:38.071Z] <<< [apiv2][status] GET https://firebase.googleapis.com/v1beta1/projects 200
[debug] [2021-03-19T04:21:38.072Z] <<< [apiv2][body] GET https://firebase.googleapis.com/v1beta1/projects [omitted]
[info] i  Using project ec-app-4075f (ec-app) 
[info] 
=== Firestore Setup
[debug] [2021-03-19T04:21:41.638Z] > refreshing access token with scopes: ["email","https://www.googleapis.com/auth/cloud-platform","https://www.googleapis.com/auth/cloudplatformprojects.readonly","https://www.googleapis.com/auth/firebase","openid"]
[debug] [2021-03-19T04:21:41.638Z] >>> HTTP REQUEST POST https://www.googleapis.com/oauth2/v3/token  
 <request body omitted>
[debug] [2021-03-19T04:21:41.860Z] <<< HTTP RESPONSE 200 {"date":"Fri, 19 Mar 2021 04:21:41 GMT","pragma":"no-cache","expires":"Mon, 01 Jan 1990 00:00:00 GMT","cache-control":"no-cache, no-store, max-age=0, must-revalidate","content-type":"application/json; charset=utf-8","vary":"X-Origin, Referer, Origin,Accept-Encoding","server":"scaffolding on HTTPServer2","x-xss-protection":"0","x-frame-options":"SAMEORIGIN","x-content-type-options":"nosniff","alt-svc":"h3-29=\":443\"; ma=2592000,h3-T051=\":443\"; ma=2592000,h3-Q050=\":443\"; ma=2592000,h3-Q046=\":443\"; ma=2592000,h3-Q043=\":443\"; ma=2592000,quic=\":443\"; ma=2592000; v=\"46,43\"","accept-ranges":"none","transfer-encoding":"chunked"}
[debug] [2021-03-19T04:21:41.885Z] >>> HTTP REQUEST GET https://serviceusage.googleapis.com/v1/projects/ec-app-4075f/services/firestore.googleapis.com  
 
[debug] [2021-03-19T04:21:43.115Z] <<< HTTP RESPONSE 200 {"content-type":"application/json; charset=UTF-8","vary":"X-Origin, Referer, Origin,Accept-Encoding","date":"Fri, 19 Mar 2021 04:21:42 GMT","server":"ESF","cache-control":"private","x-xss-protection":"0","x-frame-options":"SAMEORIGIN","x-content-type-options":"nosniff","alt-svc":"h3-29=\":443\"; ma=2592000,h3-T051=\":443\"; ma=2592000,h3-Q050=\":443\"; ma=2592000,h3-Q046=\":443\"; ma=2592000,h3-Q043=\":443\"; ma=2592000,quic=\":443\"; ma=2592000; v=\"46,43\"","accept-ranges":"none","transfer-encoding":"chunked"}
[debug] [2021-03-19T04:21:43.117Z] >>> HTTP REQUEST GET https://appengine.googleapis.com/v1/apps/ec-app-4075f  
 
[debug] [2021-03-19T04:21:43.554Z] <<< HTTP RESPONSE 200 {"content-type":"application/json; charset=UTF-8","vary":"X-Origin, Referer, Origin,Accept-Encoding","date":"Fri, 19 Mar 2021 04:21:43 GMT","server":"ESF","cache-control":"private","x-xss-protection":"0","x-frame-options":"SAMEORIGIN","x-content-type-options":"nosniff","alt-svc":"h3-29=\":443\"; ma=2592000,h3-T051=\":443\"; ma=2592000,h3-Q050=\":443\"; ma=2592000,h3-Q046=\":443\"; ma=2592000,h3-Q043=\":443\"; ma=2592000,quic=\":443\"; ma=2592000; v=\"46,43\"","accept-ranges":"none","transfer-encoding":"chunked"}
[debug] [2021-03-19T04:21:43.554Z] database_type: CLOUD_FIRESTORE
[debug] [2021-03-19T04:21:43.555Z] > command requires scopes: ["email","openid","https://www.googleapis.com/auth/cloudplatformprojects.readonly","https://www.googleapis.com/auth/firebase","https://www.googleapis.com/auth/cloud-platform"]
[debug] [2021-03-19T04:21:43.557Z] > authorizing via signed-in user
[debug] [2021-03-19T04:21:43.557Z] [iam] checking project ec-app-4075f for permissions ["firebase.projects.get"]
[debug] [2021-03-19T04:21:43.558Z] >>> HTTP REQUEST POST https://cloudresourcemanager.googleapis.com/v1/projects/ec-app-4075f:testIamPermissions  
 {"permissions":["firebase.projects.get"]}
[debug] [2021-03-19T04:21:44.344Z] <<< HTTP RESPONSE 200 {"content-type":"application/json; charset=UTF-8","vary":"X-Origin, Referer, Origin,Accept-Encoding","date":"Fri, 19 Mar 2021 04:21:44 GMT","server":"ESF","cache-control":"private","x-xss-protection":"0","x-frame-options":"SAMEORIGIN","x-content-type-options":"nosniff","server-timing":"gfet4t7; dur=580","alt-svc":"h3-29=\":443\"; ma=2592000,h3-T051=\":443\"; ma=2592000,h3-Q050=\":443\"; ma=2592000,h3-Q046=\":443\"; ma=2592000,h3-Q043=\":443\"; ma=2592000,quic=\":443\"; ma=2592000; v=\"46,43\"","accept-ranges":"none","transfer-encoding":"chunked"}
[info] 
[info] Firestore Security Rules allow you to define how and when to allow
[info] requests. You can keep these rules in your project directory
[info] and publish them with firebase deploy.
[info] 
[debug] [2021-03-19T04:21:56.438Z] >>> HTTP REQUEST GET https://firebaserules.googleapis.com/v1/projects/ec-app-4075f/releases?pageSize=10&pageToken=  
 
[debug] [2021-03-19T04:21:57.926Z] <<< HTTP RESPONSE 200 {"content-type":"application/json; charset=UTF-8","vary":"X-Origin, Referer, Origin,Accept-Encoding","date":"Fri, 19 Mar 2021 04:21:57 GMT","server":"ESF","cache-control":"private","x-xss-protection":"0","x-frame-options":"SAMEORIGIN","x-content-type-options":"nosniff","alt-svc":"h3-29=\":443\"; ma=2592000,h3-T051=\":443\"; ma=2592000,h3-Q050=\":443\"; ma=2592000,h3-Q046=\":443\"; ma=2592000,h3-Q043=\":443\"; ma=2592000,quic=\":443\"; ma=2592000; v=\"46,43\"","accept-ranges":"none","transfer-encoding":"chunked"}
[debug] [2021-03-19T04:21:57.928Z] Found ruleset: projects/ec-app-4075f/rulesets/dbd2f385-0d82-4813-bade-2365ec68788a
[debug] [2021-03-19T04:21:57.929Z] >>> HTTP REQUEST GET https://firebaserules.googleapis.com/v1/projects/ec-app-4075f/rulesets/dbd2f385-0d82-4813-bade-2365ec68788a  
 
[debug] [2021-03-19T04:21:59.156Z] <<< HTTP RESPONSE 200 {"content-type":"application/json; charset=UTF-8","vary":"X-Origin, Referer, Origin,Accept-Encoding","date":"Fri, 19 Mar 2021 04:21:59 GMT","server":"ESF","cache-control":"private","x-xss-protection":"0","x-frame-options":"SAMEORIGIN","x-content-type-options":"nosniff","alt-svc":"h3-29=\":443\"; ma=2592000,h3-T051=\":443\"; ma=2592000,h3-Q050=\":443\"; ma=2592000,h3-Q046=\":443\"; ma=2592000,h3-Q043=\":443\"; ma=2592000,quic=\":443\"; ma=2592000; v=\"46,43\"","accept-ranges":"none","transfer-encoding":"chunked"}
[info] 
[info] Firestore indexes allow you to perform complex queries while
[info] maintaining performance that scales with the size of the result
[info] set. You can keep index definitions in your project directory
[info] and publish them with firebase deploy.
[info] 
[debug] [2021-03-19T04:22:01.052Z] >>> HTTP REQUEST GET https://firestore.googleapis.com/v1/projects/ec-app-4075f/databases/(default)/collectionGroups/-/indexes  
 
[debug] [2021-03-19T04:22:01.053Z] >>> HTTP REQUEST GET https://firestore.googleapis.com/v1/projects/ec-app-4075f/databases/(default)/collectionGroups/-/fields?filter=indexConfig.usesAncestorConfig=false  
 
[debug] [2021-03-19T04:22:01.368Z] <<< HTTP RESPONSE 200 {"content-type":"application/json; charset=UTF-8","vary":"X-Origin, Referer, Origin,Accept-Encoding","date":"Fri, 19 Mar 2021 04:22:01 GMT","server":"ESF","cache-control":"private","x-xss-protection":"0","x-frame-options":"SAMEORIGIN","x-content-type-options":"nosniff","alt-svc":"h3-29=\":443\"; ma=2592000,h3-T051=\":443\"; ma=2592000,h3-Q050=\":443\"; ma=2592000,h3-Q046=\":443\"; ma=2592000,h3-Q043=\":443\"; ma=2592000,quic=\":443\"; ma=2592000; v=\"46,43\"","accept-ranges":"none","transfer-encoding":"chunked"}
[debug] [2021-03-19T04:22:01.468Z] <<< HTTP RESPONSE 200 {"content-type":"application/json; charset=UTF-8","vary":"X-Origin, Referer, Origin,Accept-Encoding","date":"Fri, 19 Mar 2021 04:22:01 GMT","server":"ESF","cache-control":"private","x-xss-protection":"0","x-frame-options":"SAMEORIGIN","x-content-type-options":"nosniff","alt-svc":"h3-29=\":443\"; ma=2592000,h3-T051=\":443\"; ma=2592000,h3-Q050=\":443\"; ma=2592000,h3-Q046=\":443\"; ma=2592000,h3-Q043=\":443\"; ma=2592000,quic=\":443\"; ma=2592000; v=\"46,43\"","accept-ranges":"none","transfer-encoding":"chunked"}
[info] 
=== Functions Setup
[info] 
[info] A functions directory will be created in your project with a Node.js
[info] package pre-configured. Functions can be deployed with firebase deploy.
[info] 
[debug] [2021-03-19T04:22:01.473Z] > command requires scopes: ["email","openid","https://www.googleapis.com/auth/cloudplatformprojects.readonly","https://www.googleapis.com/auth/firebase","https://www.googleapis.com/auth/cloud-platform"]
[debug] [2021-03-19T04:22:01.474Z] > authorizing via signed-in user
[debug] [2021-03-19T04:22:01.474Z] [iam] checking project ec-app-4075f for permissions ["firebase.projects.get"]
[debug] [2021-03-19T04:22:01.474Z] >>> HTTP REQUEST POST https://cloudresourcemanager.googleapis.com/v1/projects/ec-app-4075f:testIamPermissions  
 {"permissions":["firebase.projects.get"]}
[debug] [2021-03-19T04:22:02.186Z] <<< HTTP RESPONSE 200 {"content-type":"application/json; charset=UTF-8","vary":"X-Origin, Referer, Origin,Accept-Encoding","date":"Fri, 19 Mar 2021 04:22:02 GMT","server":"ESF","cache-control":"private","x-xss-protection":"0","x-frame-options":"SAMEORIGIN","x-content-type-options":"nosniff","server-timing":"gfet4t7; dur=561","alt-svc":"h3-29=\":443\"; ma=2592000,h3-T051=\":443\"; ma=2592000,h3-Q050=\":443\"; ma=2592000,h3-Q046=\":443\"; ma=2592000,h3-Q043=\":443\"; ma=2592000,quic=\":443\"; ma=2592000; v=\"46,43\"","accept-ranges":"none","transfer-encoding":"chunked"}
[debug] [2021-03-19T04:22:02.189Z] >>> HTTP REQUEST POST https://serviceusage.googleapis.com/v1/projects/ec-app-4075f/services/cloudfunctions.googleapis.com:enable  
 
[debug] [2021-03-19T04:22:02.190Z] >>> HTTP REQUEST POST https://serviceusage.googleapis.com/v1/projects/ec-app-4075f/services/runtimeconfig.googleapis.com:enable  
 
[debug] [2021-03-19T04:22:03.251Z] <<< HTTP RESPONSE 200 {"content-type":"application/json; charset=UTF-8","vary":"X-Origin, Referer, Origin,Accept-Encoding","date":"Fri, 19 Mar 2021 04:22:03 GMT","server":"ESF","cache-control":"private","x-xss-protection":"0","x-frame-options":"SAMEORIGIN","x-content-type-options":"nosniff","alt-svc":"h3-29=\":443\"; ma=2592000,h3-T051=\":443\"; ma=2592000,h3-Q050=\":443\"; ma=2592000,h3-Q046=\":443\"; ma=2592000,h3-Q043=\":443\"; ma=2592000,quic=\":443\"; ma=2592000; v=\"46,43\"","accept-ranges":"none","transfer-encoding":"chunked"}
[debug] [2021-03-19T04:22:03.660Z] <<< HTTP RESPONSE 200 {"content-type":"application/json; charset=UTF-8","vary":"X-Origin, Referer, Origin,Accept-Encoding","date":"Fri, 19 Mar 2021 04:22:03 GMT","server":"ESF","cache-control":"private","x-xss-protection":"0","x-frame-options":"SAMEORIGIN","x-content-type-options":"nosniff","alt-svc":"h3-29=\":443\"; ma=2592000,h3-T051=\":443\"; ma=2592000,h3-Q050=\":443\"; ma=2592000,h3-Q046=\":443\"; ma=2592000,h3-Q043=\":443\"; ma=2592000,quic=\":443\"; ma=2592000; v=\"46,43\"","accept-ranges":"none","transfer-encoding":"chunked"}
[info] ✔  Wrote functions/package.json 
[info] ✔  Wrote functions/index.js 
[info] ✔  Wrote functions/.gitignore 
[info] 
=== Hosting Setup
[info] 
[info] Your public directory is the folder (relative to your project directory) that
[info] will contain Hosting assets to be uploaded with firebase deploy. If you
[info] have a build process for your assets, use your build's output directory.
[info] 
[debug] [2021-03-19T04:23:58.725Z] >>> [apiv2][query] GET https://www.gstatic.com/firebasejs/releases.json [none]
[debug] [2021-03-19T04:23:58.961Z] <<< [apiv2][status] GET https://www.gstatic.com/firebasejs/releases.json 200
[debug] [2021-03-19T04:23:58.962Z] <<< [apiv2][body] GET https://www.gstatic.com/firebasejs/releases.json {"current":{"version":"8.3.1","browserURL":"https://www.gstatic.com/firebasejs/8.3.1/firebase.js","packageURL":"https://www.gstatic.com/firebasejs/8.3.1/firebase.tgz"},"live":{"version":"8.3","browserURL":"https://www.gstatic.com/firebasejs/live/8.3/firebase.js","packageURL":"https://www.gstatic.com/firebasejs/live/8.3/firebase.tgz"},"components":{"analytics":"https://www.gstatic.com/firebasejs/8.3.1/firebase-analytics.js","app":"https://www.gstatic.com/firebasejs/8.3.1/firebase-app.js","auth":"https://www.gstatic.com/firebasejs/8.3.1/firebase-auth.js","database":"https://www.gstatic.com/firebasejs/8.3.1/firebase-database.js","firestore":"https://www.gstatic.com/firebasejs/8.3.1/firebase-firestore.js","functions":"https://www.gstatic.com/firebasejs/8.3.1/firebase-functions.js","installations":"https://www.gstatic.com/firebasejs/8.3.1/firebase-installations.js","messaging":"https://www.gstatic.com/firebasejs/8.3.1/firebase-messaging.js","storage":"https://www.gstatic.com/firebasejs/8.3.1/firebase-storage.js","performance":"https://www.gstatic.com/firebasejs/8.3.1/firebase-performance.js","remote-config":"https://www.gstatic.com/firebasejs/8.3.1/firebase-remote-config.js","firestore.memory":"https://www.gstatic.com/firebasejs/8.3.1/firebase-firestore.memory.js"}}
[info] ✔  Wrote build/index.html 
[info] 
[info] i  Detected a .git folder at /Users/sunao/JSProjects/ec-app 
[info] i  Authorizing with GitHub to upload your service account to a GitHub repository's secrets store. 
[info] 
[info] Visit this URL on this device to log in:
[info] https://github.com/login/oauth/authorize?client_id=89cf50f02ac6aaed3484&state=450692096&redirect_uri=http%3A%2F%2Flocalhost%3A9005&scope=read%3Auser%20repo%20public_repo
[info] 
[info] Waiting for authentication...
[debug] [2021-03-19T04:23:59.603Z] >>> HTTP REQUEST POST https://github.com/login/oauth/access_token  
 {"client_id":"89cf50f02ac6aaed3484","client_secret":"3330d14abc895d9a74d5f17cd7a00711fa2c5bf0","code":"b4d8f13d0072ca4cecc9","redirect_uri":"http://localhost:9005","state":"450692096"}
[debug] [2021-03-19T04:24:00.091Z] <<< HTTP RESPONSE 200 {"server":"GitHub.com","date":"Fri, 19 Mar 2021 04:23:59 GMT","content-type":"application/json; charset=utf-8","transfer-encoding":"chunked","vary":"X-PJAX, Accept-Encoding, Accept, X-Requested-With","etag":"W/\"c5cfaf3a6a14698f7c9d9cc700b5e33d\"","cache-control":"max-age=0, private, must-revalidate","strict-transport-security":"max-age=31536000; includeSubdomains; preload","x-frame-options":"deny","x-content-type-options":"nosniff","x-xss-protection":"0","referrer-policy":"origin-when-cross-origin, strict-origin-when-cross-origin","expect-ct":"max-age=2592000, report-uri=\"https://api.github.com/_private/browser/errors\"","content-security-policy":"default-src 'none'; base-uri 'self'; block-all-mixed-content; connect-src 'self' uploads.github.com www.githubstatus.com collector.githubapp.com api.github.com github-cloud.s3.amazonaws.com github-production-repository-file-5c1aeb.s3.amazonaws.com github-production-upload-manifest-file-7fdce7.s3.amazonaws.com github-production-user-asset-6210df.s3.amazonaws.com cdn.optimizely.com logx.optimizely.com/v1/events wss://alive.github.com; font-src github.githubassets.com; form-action 'self' github.com gist.github.com; frame-ancestors 'none'; frame-src render.githubusercontent.com; img-src 'self' data: github.githubassets.com identicons.github.com collector.githubapp.com github-cloud.s3.amazonaws.com secured-user-images.githubusercontent.com/ *.githubusercontent.com; manifest-src 'self'; media-src 'none'; script-src github.githubassets.com; style-src 'unsafe-inline' github.githubassets.com; worker-src github.com/socket-worker-6832eced.js gist.github.com/socket-worker-6832eced.js","x-github-request-id":"CF86:068A:18F42C:2343CD:6054275F"}
[debug] [2021-03-19T04:24:00.096Z] >>> [apiv2][query] GET https://api.github.com/user [none]
[debug] [2021-03-19T04:24:00.559Z] <<< [apiv2][status] GET https://api.github.com/user 200
[debug] [2021-03-19T04:24:00.560Z] <<< [apiv2][body] GET https://api.github.com/user {"login":"sunao1986","id":55478601,"node_id":"MDQ6VXNlcjU1NDc4NjAx","avatar_url":"https://avatars.githubusercontent.com/u/55478601?v=4","gravatar_id":"","url":"https://api.github.com/users/sunao1986","html_url":"https://github.com/sunao1986","followers_url":"https://api.github.com/users/sunao1986/followers","following_url":"https://api.github.com/users/sunao1986/following{/other_user}","gists_url":"https://api.github.com/users/sunao1986/gists{/gist_id}","starred_url":"https://api.github.com/users/sunao1986/starred{/owner}{/repo}","subscriptions_url":"https://api.github.com/users/sunao1986/subscriptions","organizations_url":"https://api.github.com/users/sunao1986/orgs","repos_url":"https://api.github.com/users/sunao1986/repos","events_url":"https://api.github.com/users/sunao1986/events{/privacy}","received_events_url":"https://api.github.com/users/sunao1986/received_events","type":"User","site_admin":false,"name":null,"company":null,"blog":"","location":null,"email":null,"hireable":null,"bio":null,"twitter_username":null,"public_repos":8,"public_gists":0,"followers":0,"following":0,"created_at":"2019-09-18T06:22:54Z","updated_at":"2021-03-16T21:50:34Z","private_gists":0,"total_private_repos":2,"owned_private_repos":2,"disk_usage":100631,"collaborators":0,"two_factor_authentication":false,"plan":{"name":"free","space":976562499,"collaborators":0,"private_repos":10000}}
[info] 
[info] ✔  Success! Logged into GitHub as sunao1986 
[info] 
